Arguments: 
  C:\Program Files\nodejs\node.exe C:\Program Files (x86)\Yarn\bin\yarn.js add express-fileupload

PATH: 
  C:\ProgramData\Oracle\Java\javapath;C:\WINDOWS\system32;C:\WINDOWS;C:\WINDOWS\System32\Wbem;C:\WINDOWS\System32\WindowsPowerShell\v1.0\;C:\Program Files (x86)\GtkSharp\2.12\bin;C:\Program Files\PuTTY\;C:\wamp64\bin\php\php5.6.25;C:\Users\sacha\Desktop\symfonyLauncher-master\SymfonyLauncher\SymfonyLauncher\bin\Debug;C:\Program Files (x86)\Google\Chrome\Application;C:\Program Files\Git\cmd;C:\wamp64\bin\php\php7.0.10;C:\Program Files (x86)\NVIDIA Corporation\PhysX\Common;C:\Program Files (x86)\QuickTime\QTSystem\;C:\Users\sacha\AppData\Local\Programs\Python\Python36\;C:\WINDOWS\system32;C:\WINDOWS;C:\WINDOWS\System32\Wbem;C:\WINDOWS\System32\WindowsPowerShell\v1.0\;C:\Program Files (x86)\Muse;C:\Program Files (x86)\Windows Kits\8.1\Windows Performance Toolkit\;C:\Program Files\dotnet\;C:\Program Files (x86)\IVI Foundation\VISA\WinNT\Bin\;C:\Program Files\IVI Foundation\VISA\Win64\Bin\;C:\Program Files (x86)\IVI Foundation\VISA\WinNT\Bin;C:\Program Files\nodejs\;C:\Users\sacha\Desktop\0\Software\CommandLine Application\usr\local\wbin;C:\Users\sacha\AppData\Roaming\Python\Scripts;C:\Users\sacha\AppData\Roaming\npm\node_modules\.bin;C:\Program Files (x86)\Yarn\bin\;C:\ProgramData\ComposerSetup\bin;C:\ProgramData\chocolatey\bin;C:\Users\sacha\.cargo\bin;C:\Users\sacha\AppData\Local\Microsoft\WindowsApps;C:\Program Files\Microsoft VS Code\bin;C:\Users\sacha\AppData\Roaming\npm;C:\Users\sacha\AppData\Local\atom\bin;C:\Users\sacha\AppData\Local\Yarn\bin;C:\Users\sacha\AppData\Roaming\Composer\vendor\bin

Yarn version: 
  1.5.1

Node version: 
  9.5.0

Platform: 
  win32 x64

npm manifest: 
  {
    "name": "beeyond-DataVisualizer",
    "version": "0.1.0",
    "dependencies": {
      "express": "~3.2.0",
      "node-osc": "~2.1.0",
      "ejs": "~2.1.4",
      "cookie-session": "~1.1.0",
      "body-parser": "~1.10.1",
      "socket.io": "~2.0.4",
      "request": "~2.83.0",
      "mysql": "~2.15.0",
      "async": "~2.6.0",
      "path": "~0.12.7",
      "serialport": "~6.0.5",
      "exec": "~0.2.1",
      "json2csv": "~3.11.5",
      "mapbox-gl": "~0.44.0"
    },
    "scripts": {
      "build": "npx babel src -d build"
    },
    "author": "sachaamm <sachaamm@gmail.com>",
    "description": "Beeyond - Data Visualizer NodeJS Server @ TheCamp",
    "devDependencies": {
      "babel-cli": "^6.26.0",
      "babel-core": "^6.26.0",
      "babel-preset-env": "^1.6.1",
      "babel-preset-es2015": "^6.24.1",
      "nodemon": "^1.15.1"
    }
  }

yarn manifest: 
  No manifest

Lockfile: 
  No lockfile

Trace: 
  Error: EPERM: operation not permitted, unlink 'C:\Users\sacha\Desktop\0\PROG\Repositories\Beeyond\src\node_modules\uws\uws_win32_59.node'
